{"meta": {"format": 3, "version": "7.11.3", "timestamp": "2025-11-11T11:52:26.858731", "branch_coverage": true, "show_contexts": false}, "files": {"file_module.py": {"executed_lines": [2, 4, 6, 7, 10, 11, 12, 14, 15, 17, 20], "summary": {"covered_lines": 11, "num_statements": 15, "percent_covered": 73.6842105263158, "percent_covered_display": "74", "missing_lines": 4, "excluded_lines": 0, "num_branches": 4, "num_partial_branches": 1, "covered_branches": 3, "missing_branches": 1}, "missing_lines": [8, 9, 18, 23], "excluded_lines": [], "executed_branches": [[7, 10], [10, 11], [10, 14]], "missing_branches": [[7, 8]], "functions": {"get_n_random_words": {"executed_lines": [7, 10, 11, 12, 14, 15], "summary": {"covered_lines": 6, "num_statements": 8, "percent_covered": 75.0, "percent_covered_display": "75", "missing_lines": 2, "excluded_lines": 0, "num_branches": 4, "num_partial_branches": 1, "covered_branches": 3, "missing_branches": 1}, "missing_lines": [8, 9], "excluded_lines": [], "executed_branches": [[7, 10], [10, 11], [10, 14]], "missing_branches": [[7, 8]]}, "func_for_module_import": {"executed_lines": [], "summary": {"covered_lines": 0, "num_statements": 1, "percent_covered": 0.0, "percent_covered_display": "0", "missing_lines": 1, "excluded_lines": 0, "num_branches": 0, "num_partial_branches": 0, "covered_branches": 0, "missing_branches": 0}, "missing_lines": [18], "excluded_lines": [], "executed_branches": [], "missing_branches": []}, "test_func_return_value": {"executed_lines": [], "summary": {"covered_lines": 0, "num_statements": 1, "percent_covered": 0.0, "percent_covered_display": "0", "missing_lines": 1, "excluded_lines": 0, "num_branches": 0, "num_partial_branches": 0, "covered_branches": 0, "missing_branches": 0}, "missing_lines": [23], "excluded_lines": [], "executed_branches": [], "missing_branches": []}, "": {"executed_lines": [2, 4, 6, 17, 20], "summary": {"covered_lines": 5, "num_statements": 5, "percent_covered": 100.0, "percent_covered_display": "100", "missing_lines": 0, "excluded_lines": 0, "num_branches": 0, "num_partial_branches": 0, "covered_branches": 0, "missing_branches": 0}, "missing_lines": [], "excluded_lines": [], "executed_branches": [], "missing_branches": []}}, "classes": {"": {"executed_lines": [2, 4, 6, 7, 10, 11, 12, 14, 15, 17, 20], "summary": {"covered_lines": 11, "num_statements": 15, "percent_covered": 73.6842105263158, "percent_covered_display": "74", "missing_lines": 4, "excluded_lines": 0, "num_branches": 4, "num_partial_branches": 1, "covered_branches": 3, "missing_branches": 1}, "missing_lines": [8, 9, 18, 23], "excluded_lines": [], "executed_branches": [[7, 10], [10, 11], [10, 14]], "missing_branches": [[7, 8]]}}}, "main.py": {"executed_lines": [1, 2, 3, 4, 6, 7, 9, 10, 12, 16, 17, 18, 19, 20, 21, 22, 23, 24, 25, 27, 28, 29, 30, 32, 34, 48], "summary": {"covered_lines": 26, "num_statements": 40, "percent_covered": 63.793103448275865, "percent_covered_display": "64", "missing_lines": 14, "excluded_lines": 0, "num_branches": 18, "num_partial_branches": 1, "covered_branches": 11, "missing_branches": 7}, "missing_lines": [13, 14, 35, 37, 38, 39, 40, 41, 42, 43, 44, 45, 46, 49], "excluded_lines": [], "executed_branches": [[17, 18], [17, 19], [19, 20], [19, 21], [21, 22], [21, 23], [23, 24], [23, 25], [28, 29], [28, 32], [48, -1]], "missing_branches": [[38, 39], [38, 44], [42, 38], [42, 43], [44, 45], [44, 46], [48, 49]], "functions": {"choose_secret_word": {"executed_lines": [10], "summary": {"covered_lines": 1, "num_statements": 1, "percent_covered": 100.0, "percent_covered_display": "100", "missing_lines": 0, "excluded_lines": 0, "num_branches": 0, "num_partial_branches": 0, "covered_branches": 0, "missing_branches": 0}, "missing_lines": [], "excluded_lines": [], "executed_branches": [], "missing_branches": []}, "enter_letter_from_user": {"executed_lines": [], "summary": {"covered_lines": 0, "num_statements": 2, "percent_covered": 0.0, "percent_covered_display": "0", "missing_lines": 2, "excluded_lines": 0, "num_branches": 0, "num_partial_branches": 0, "covered_branches": 0, "missing_branches": 0}, "missing_lines": [13, 14], "excluded_lines": [], "executed_branches": [], "missing_branches": []}, "check_letters_in_word": {"executed_lines": [17, 18, 19, 20, 21, 22, 23, 24, 25], "summary": {"covered_lines": 9, "num_statements": 9, "percent_covered": 100.0, "percent_covered_display": "100", "missing_lines": 0, "excluded_lines": 0, "num_branches": 8, "num_partial_branches": 0, "covered_branches": 8, "missing_branches": 0}, "missing_lines": [], "excluded_lines": [], "executed_branches": [[17, 18], [17, 19], [19, 20], [19, 21], [21, 22], [21, 23], [23, 24], [23, 25]], "missing_branches": []}, "check_if_word_guessed": {"executed_lines": [28, 29, 30, 32], "summary": {"covered_lines": 4, "num_statements": 4, "percent_covered": 100.0, "percent_covered_display": "100", "missing_lines": 0, "excluded_lines": 0, "num_branches": 2, "num_partial_branches": 0, "covered_branches": 2, "missing_branches": 0}, "missing_lines": [], "excluded_lines": [], "executed_branches": [[28, 29], [28, 32]], "missing_branches": []}, "main": {"executed_lines": [], "summary": {"covered_lines": 0, "num_statements": 11, "percent_covered": 0.0, "percent_covered_display": "0", "missing_lines": 11, "excluded_lines": 0, "num_branches": 6, "num_partial_branches": 0, "covered_branches": 0, "missing_branches": 6}, "missing_lines": [35, 37, 38, 39, 40, 41, 42, 43, 44, 45, 46], "excluded_lines": [], "executed_branches": [], "missing_branches": [[38, 39], [38, 44], [42, 38], [42, 43], [44, 45], [44, 46]]}, "": {"executed_lines": [1, 2, 3, 4, 6, 7, 9, 12, 16, 27, 34, 48], "summary": {"covered_lines": 12, "num_statements": 13, "percent_covered": 86.66666666666667, "percent_covered_display": "87", "missing_lines": 1, "excluded_lines": 0, "num_branches": 2, "num_partial_branches": 1, "covered_branches": 1, "missing_branches": 1}, "missing_lines": [49], "excluded_lines": [], "executed_branches": [[48, -1]], "missing_branches": [[48, 49]]}}, "classes": {"": {"executed_lines": [1, 2, 3, 4, 6, 7, 9, 10, 12, 16, 17, 18, 19, 20, 21, 22, 23, 24, 25, 27, 28, 29, 30, 32, 34, 48], "summary": {"covered_lines": 26, "num_statements": 40, "percent_covered": 63.793103448275865, "percent_covered_display": "64", "missing_lines": 14, "excluded_lines": 0, "num_branches": 18, "num_partial_branches": 1, "covered_branches": 11, "missing_branches": 7}, "missing_lines": [13, 14, 35, 37, 38, 39, 40, 41, 42, 43, 44, 45, 46, 49], "excluded_lines": [], "executed_branches": [[17, 18], [17, 19], [19, 20], [19, 21], [21, 22], [21, 23], [23, 24], [23, 25], [28, 29], [28, 32], [48, -1]], "missing_branches": [[38, 39], [38, 44], [42, 38], [42, 43], [44, 45], [44, 46], [48, 49]]}}}}, "totals": {"covered_lines": 37, "num_statements": 55, "percent_covered": 66.23376623376623, "percent_covered_display": "66", "missing_lines": 18, "excluded_lines": 0, "num_branches": 22, "num_partial_branches": 2, "covered_branches": 14, "missing_branches": 8}}