<?xml version="1.0" encoding="utf-8"?><testsuites name="pytest tests"><testsuite name="pytest" errors="0" failures="0" skipped="0" tests="25" time="0.627" timestamp="2025-12-02T09:50:38.027456+02:00" hostname="administrators-Mac-mini.local"><testcase classname="tests.test_file_module" name="test_get_n_random_words" file="tests/test_file_module.py" line="5" time="0.004" /><testcase classname="tests.test_file_module" name="test_get_n_random_words_raise_value_error" file="tests/test_file_module.py" line="13" time="0.002" /><testcase classname="tests.test_file_module" name="test_get_n_random_words_expect_print_outputs" file="tests/test_file_module.py" line="22" time="0.013" /><testcase classname="tests.test_main" name="test_module_import" file="tests/test_main.py" line="7" time="0.007" /><testcase classname="tests.test_main" name="test_always_failed_for_ci_demo" file="tests/test_main.py" line="11" time="0.003" /><testcase classname="tests.test_main" name="test_func_check_if_word_guessed" file="tests/test_main.py" line="16" time="0.006" /><testcase classname="tests.test_main.TestWordChoice" name="test_empty_list" file="tests/test_main.py" line="52" time="0.008" /><testcase classname="tests.test_main.TestWordChoice" name="test_word_in_list" file="tests/test_main.py" line="26" time="0.006" /><testcase classname="tests.test_main.TestWordChoice" name="test_word_is_string" file="tests/test_main.py" line="31" time="0.003" /><testcase classname="tests.test_main.TestWordChoice" name="test_word_length" file="tests/test_main.py" line="36" time="0.003" /><testcase classname="tests.test_main.TestWordChoice" name="test_word_not_empty" file="tests/test_main.py" line="47" time="0.007" /><testcase classname="tests.test_main.TestWordChoice" name="test_word_not_numeric" file="tests/test_main.py" line="42" time="0.004" /><testcase classname="tests.test_main.TestEnterLetterFromUser" name="test_enter_letter_from_user" file="tests/test_main.py" line="59" time="0.008" /><testcase classname="tests.test_main.TestCheckLettersInWord" name="test_all_letters_guessed" file="tests/test_main.py" line="153" time="0.006" /><testcase classname="tests.test_main.TestCheckLettersInWord" name="test_empty_letters" file="tests/test_main.py" line="218" time="0.003" /><testcase classname="tests.test_main.TestCheckLettersInWord" name="test_empty_word" file="tests/test_main.py" line="203" time="0.004" /><testcase classname="tests.test_main.TestCheckLettersInWord" name="test_no_letters_guessed" file="tests/test_main.py" line="159" time="0.003" /><testcase classname="tests.test_main.TestCheckLettersInWord" name="test_repeated_letters" file="tests/test_main.py" line="167" time="0.002" /><testcase classname="tests.test_main.TestCheckLettersInWord" name="test_some_letters_guessed" file="tests/test_main.py" line="164" time="0.002" /><testcase classname="tests.test_main.TestCheckLettersInWord" name="test_user_entered_cyrillic_letter" file="tests/test_main.py" line="138" time="0.006" /><testcase classname="tests.test_main.TestCheckLettersInWord" name="test_valid_interface_arguments" file="tests/test_main.py" line="171" time="0.002" /><testcase classname="tests.test_main.TestCheckIfWordGuessed" name="test_extra_letters_guessed" file="tests/test_main.py" line="281" time="0.004" /><testcase classname="tests.test_main.TestCheckIfWordGuessed" name="test_no_letters_guessed" file="tests/test_main.py" line="274" time="0.005" /><testcase classname="tests.test_main.TestCheckIfWordGuessed" name="test_word_fully_guessed" file="tests/test_main.py" line="260" time="0.004" /><testcase classname="tests.test_main.TestCheckIfWordGuessed" name="test_word_partially_guessed" file="tests/test_main.py" line="267" time="0.002" /></testsuite></testsuites>